<?xml version="1.0" encoding="UTF-8"?>
<!-- Generated by org.testng.reporters.JUnitXMLReporter -->
<testsuite hostname="OZL8061W" ignored="0" name="Default test" tests="3" failures="0" timestamp="2023-09-11T14:54:28 IST" time="0.025" errors="0">
  <testcase name="loginPage" time="0.003" classname="test.DataProviderPractice"/>
  <testcase name="loginPage" time="0.001" classname="test.DataProviderPractice"/>
  <testcase name="loginPage" time="0.001" classname="test.DataProviderPractice"/>
</testsuite> <!-- Default test -->
