<?xml version="1.0" encoding="UTF-8"?>
<!-- Generated by org.testng.reporters.JUnitXMLReporter -->
<testsuite hostname="OZL8061W" ignored="0" name="All Loans Test" tests="10" failures="0" timestamp="2023-09-08T15:30:12 IST" time="0.034" errors="0">
  <testcase name="carLoanAPILogin" time="0.004" classname="test.CarLoan"/>
  <testcase name="carLoanMobileAppLogin" time="0.001" classname="test.CarLoan"/>
  <testcase name="carLoanWebLogin" time="0.0" classname="test.CarLoan"/>
  <testcase name="homeLoanAPILogin" time="0.0" classname="test.HomeLoan"/>
  <testcase name="homeLoanMobileAppLogin" time="0.001" classname="test.HomeLoan"/>
  <testcase name="homeLoanWebLogin" time="0.0" classname="test.HomeLoan"/>
  <testcase name="ManagerpersonalLoanAPILogin" time="0.0" classname="test.PersonalLoan"/>
  <testcase name="personalLoanAPILogin" time="0.001" classname="test.PersonalLoan"/>
  <testcase name="personalLoanMobileAppLogin" time="0.0" classname="test.PersonalLoan"/>
  <testcase name="personalLoanWebLogin" time="0.001" classname="test.PersonalLoan"/>
</testsuite> <!-- All Loans Test -->
