<?xml version="1.0" encoding="UTF-8"?>
<!-- Generated by org.testng.reporters.JUnitXMLReporter -->
<testsuite hostname="OZL8061W" ignored="0" name="Car Loan" tests="3" failures="0" timestamp="2023-09-11T12:48:07 IST" time="0.006" errors="0">
  <testcase name="carLoanMobileAppLogin" time="0.001" classname="test.CarLoan"/>
  <testcase name="wcarLoanWebLogin" time="0.001" classname="test.CarLoan"/>
  <testcase name="acarLoanAPILogin" time="0.0" classname="test.CarLoan"/>
</testsuite> <!-- Car Loan -->
