<?xml version="1.0" encoding="UTF-8"?>
<!-- Generated by org.testng.reporters.JUnitXMLReporter -->
<testsuite hostname="OZL8061W" ignored="0" name="Home Loan" tests="3" failures="0" timestamp="2023-09-11T12:48:07 IST" time="0.003" errors="0">
  <testcase name="homeLoanAPILogin" time="0.0" classname="test.HomeLoan"/>
  <testcase name="homeLoanMobileAppLogin" time="0.0" classname="test.HomeLoan"/>
  <testcase name="homeLoanWebLogin" time="0.0" classname="test.HomeLoan"/>
</testsuite> <!-- Home Loan -->
