<?xml version="1.0" encoding="UTF-8"?>
<!-- Generated by org.testng.reporters.JUnitXMLReporter -->
<testsuite hostname="OZL8061W" ignored="0" name="Personal Loan" tests="3" failures="0" timestamp="2023-09-11T12:48:07 IST" time="0.031" errors="0">
  <testcase name="userOnePersonalLoan" time="0.005" classname="test.User1_PersonalLoan"/>
  <testcase name="userTwoPersonalLoan" time="0.001" classname="test.User2_PersonalLoan"/>
  <testcase name="userThreePersonalLoan" time="0.001" classname="test.User3_PersonalLoan"/>
</testsuite> <!-- Personal Loan -->
